This is pdfTeX, Version 3.141592653-2.6-1.40.22 (TeX Live 2021) (preloaded format=pdflatex 2021.11.19)  21 JAN 2022 17:26
entering extended mode
 restricted \write18 enabled.
 %&-line parsing enabled.
**homework4.tex
(./homework4.tex
LaTeX2e <2020-10-01> patch level 4
L3 programming layer <2021-02-18>
(/usr/local/texlive/2021/texmf-dist/tex/latex/base/article.cls
Document Class: article 2020/04/10 v1.4m Standard LaTeX document class
(/usr/local/texlive/2021/texmf-dist/tex/latex/base/size10.clo
File: size10.clo 2020/04/10 v1.4m Standard LaTeX file (size option)
)
\c@part=\count179
\c@section=\count180
\c@subsection=\count181
\c@subsubsection=\count182
\c@paragraph=\count183
\c@subparagraph=\count184
\c@figure=\count185
\c@table=\count186
\abovecaptionskip=\skip47
\belowcaptionskip=\skip48
\bibindent=\dimen138
)
(/usr/local/texlive/2021/texmf-dist/tex/latex/l3backend/l3backend-pdftex.def
File: l3backend-pdftex.def 2021-03-18 L3 backend support: PDF output (pdfTeX)
\l__color_backend_stack_int=\count187
\l__pdf_internal_box=\box47
)
(./homework4.aux)
\openout1 = `homework4.aux'.

LaTeX Font Info:    Checking defaults for OML/cmm/m/it on input line 8.
LaTeX Font Info:    ... okay on input line 8.
LaTeX Font Info:    Checking defaults for OMS/cmsy/m/n on input line 8.
LaTeX Font Info:    ... okay on input line 8.
LaTeX Font Info:    Checking defaults for OT1/cmr/m/n on input line 8.
LaTeX Font Info:    ... okay on input line 8.
LaTeX Font Info:    Checking defaults for T1/cmr/m/n on input line 8.
LaTeX Font Info:    ... okay on input line 8.
LaTeX Font Info:    Checking defaults for TS1/cmr/m/n on input line 8.
LaTeX Font Info:    ... okay on input line 8.
LaTeX Font Info:    Checking defaults for OMX/cmex/m/n on input line 8.
LaTeX Font Info:    ... okay on input line 8.
LaTeX Font Info:    Checking defaults for U/cmr/m/n on input line 8.
LaTeX Font Info:    ... okay on input line 8.
LaTeX Font Info:    External font `cmex10' loaded for size
(Font)              <12> on input line 10.
LaTeX Font Info:    External font `cmex10' loaded for size
(Font)              <8> on input line 10.
LaTeX Font Info:    External font `cmex10' loaded for size
(Font)              <6> on input line 10.

Overfull \hbox (8.85258pt too wide) in paragraph at lines 26--29
\OT1/cmr/m/n/10 ot-ten-gono risul-tati. Uti-liz-zando un break-point sull'acces
so in memo-ria all'indirizzo
 []

[1

{/usr/local/texlive/2021/texmf-var/fonts/map/pdftex/updmap/pdftex.map}]
Overfull \hbox (11.58401pt too wide) in paragraph at lines 39--40
[]\OT1/cmr/m/n/10 Una volta de-of-fus-cato il mal-ware si nota l'entry point or
ig-i-nale dell'applicazione,
 []

[2]
Overfull \hbox (16.88947pt too wide) in paragraph at lines 42--43
\OT1/cmr/m/n/10 prima dell'esecuzione del main, questa fun-ziona risulta es-ser
e in-ter-es-sante nell'analisi
 []

[3]
Overfull \hbox (73.93684pt too wide) in paragraph at lines 62--63
\OT1/cmr/m/n/10 viene fatto uti-liz-zando le flag SEM[]FAILCRITICALERRORS, SEM[
]NOGPFAULTERRORBOX,
 []

[4]
Overfull \hbox (5.90625pt too wide) in paragraph at lines 72--73
[]\OT1/cmr/m/n/10 Si nota la pre-senza di func-tion pointer as-seg-nati dalla f
un-zione FUN[]00476b50,
 []


Overfull \hbox (20.62848pt too wide) in paragraph at lines 78--79
[]\OT1/cmr/m/n/10 Poi si an-dranno a con-frontare due stringhe uti-liz-zando la
 fun-zione FUN[]0042E4C0
 []


Overfull \hbox (5.25401pt too wide) in paragraph at lines 84--85
 \OT1/cmr/bx/n/10 FUN[]0041f560[] \OT1/cmr/m/n/10 Suc-ces-si-va-mente si va ad 
anal-iz-zare la fun-zione FUN[]0041f560,
 []

[5]
Overfull \hbox (40.81192pt too wide) in paragraph at lines 105--106
\OT1/cmr/m/n/10 dll Nt-QuerySys-tem-In-for-ma-tions con class 0x10 (SYS-TEM[]HA
NDLE[]INFORMATIONS).
 []


Overfull \hbox (41.15067pt too wide) in paragraph at lines 113--114
[]\OT1/cmr/m/n/10 Le en-try pre-senti nell'array sono del tipo SYS-TEM[]HANDLE[
]TABLE[]ENTRY[]INFO.
 []


Overfull \hbox (1.47287pt too wide) in paragraph at lines 117--118
[]\OT1/cmr/m/n/10 Successivamente chi-amer^^Ra la fun-zione 0x004750E0 ri-nom-i
-nata a cre-ate-Query-
 []


Overfull \hbox (11.50108pt too wide) in paragraph at lines 120--121
 \OT1/cmr/bx/n/10 Anal-isi thread di cifratura[] \OT1/cmr/m/n/10 Con-tin-uando 
l'analisi si nota la pre-senza all'interno
 []

[6] [7] (./homework4.aux) ) 
Here is how much of TeX's memory you used:
 417 strings out of 478994
 7223 string characters out of 5858183
 298826 words of memory out of 5000000
 17972 multiletter control sequences out of 15000+600000
 408188 words of font info for 43 fonts, out of 8000000 for 9000
 1141 hyphenation exceptions out of 8191
 44i,6n,50p,1138b,189s stack positions out of 5000i,500n,10000p,200000b,80000s
{/usr/local/texlive/2021/texmf-dist/fonts/enc/dvips/
cm-super/cm-super-ts1.enc}</usr/local/texlive/2021/texmf-dist/fonts/type1/publi
c/amsfonts/cm/cmbx10.pfb></usr/local/texlive/2021/texmf-dist/fonts/type1/public
/amsfonts/cm/cmbx12.pfb></usr/local/texlive/2021/texmf-dist/fonts/type1/public/
amsfonts/cm/cmr10.pfb></usr/local/texlive/2021/texmf-dist/fonts/type1/public/am
sfonts/cm/cmr12.pfb></usr/local/texlive/2021/texmf-dist/fonts/type1/public/amsf
onts/cm/cmr17.pfb></usr/local/texlive/2021/texmf-dist/fonts/type1/public/amsfon
ts/cm/cmtt10.pfb></usr/local/texlive/2021/texmf-dist/fonts/type1/public/cm-supe
r/sfrm1000.pfb>
Output written on homework4.pdf (7 pages, 107789 bytes).
PDF statistics:
 57 PDF objects out of 1000 (max. 8388607)
 40 compressed objects within 1 object stream
 0 named destinations out of 1000 (max. 500000)
 1 words of extra memory for PDF output out of 10000 (max. 10000000)

