\BOOKMARK [1][-]{section.1}{\376\377\000A\000n\000a\000l\000i\000s\000i\000\040\000I\000n\000i\000z\000i\000a\000l\000e}{}% 1
\BOOKMARK [1][-]{section.2}{\376\377\000U\000n\000p\000a\000c\000k\000\040\000d\000e\000l\000\040\000M\000a\000l\000w\000a\000r\000e}{}% 2
\BOOKMARK [1][-]{section.3}{\376\377\000A\000n\000a\000l\000i\000s\000i\000\040\000M\000a\000l\000w\000a\000r\000e}{}% 3
\BOOKMARK [2][-]{subsection.3.1}{\376\377\000M\000a\000i\000n\000W\000r\000a\000p\000p\000e\000r}{section.3}% 4
\BOOKMARK [3][-]{subsubsection.3.1.1}{\376\377\000P\000r\000e\000p\000a\000r\000e\000M\000e\000m\000o\000r\000y\000A\000r\000e\000a}{subsection.3.1}% 5
\BOOKMARK [2][-]{subsection.3.2}{\376\377\000M\000a\000i\000n}{section.3}% 6
\BOOKMARK [3][-]{subsubsection.3.2.1}{\376\377\000G\000e\000s\000t\000i\000o\000n\000e\000\040\000d\000e\000l\000l\000e\000\040\000e\000c\000c\000e\000z\000i\000o\000n\000i}{subsection.3.2}% 7
\BOOKMARK [3][-]{subsubsection.3.2.2}{\376\377\000S\000e\000t\000t\000a\000g\000g\000i\000o\000\040\000T\000o\000k\000e\000n}{subsection.3.2}% 8
\BOOKMARK [3][-]{subsubsection.3.2.3}{\376\377\000R\000i\000c\000e\000r\000c\000a\000\040\000d\000e\000l\000l\000a\000\040\000l\000i\000n\000g\000u\000a\000\040\000d\000e\000l\000\040\000s\000i\000s\000t\000e\000m\000a}{subsection.3.2}% 9
\BOOKMARK [3][-]{subsubsection.3.2.4}{\376\377\000D\000e\000l\000e\000t\000e\000\040\000m\000a\000l\000w\000a\000r\000e}{subsection.3.2}% 10
\BOOKMARK [3][-]{subsubsection.3.2.5}{\376\377\000S\000l\000e\000e\000p\000\040\000d\000e\000l\000\040\000m\000a\000l\000w\000a\000r\000e}{subsection.3.2}% 11
\BOOKMARK [1][-]{section.4}{\376\377\000C\000o\000m\000p\000o\000r\000t\000a\000m\000e\000n\000t\000o\000\040\000c\000o\000n\000\040\000d\000e\000b\000u\000g\000g\000e\000r}{}% 12
\BOOKMARK [1][-]{section.5}{\376\377\000C\000o\000m\000p\000o\000r\000t\000a\000m\000e\000n\000t\000o\000\040\000n\000o\000r\000m\000a\000l\000e}{}% 13
\BOOKMARK [2][-]{subsection.5.1}{\376\377\000G\000e\000n\000e\000r\000a\000t\000e\000H\000a\000s\000h}{section.5}% 14
\BOOKMARK [2][-]{subsection.5.2}{\376\377\000R\000i\000c\000e\000r\000c\000a\000\040\000A\000t\000o\000m}{section.5}% 15
\BOOKMARK [2][-]{subsection.5.3}{\376\377\000C\000o\000m\000u\000n\000i\000c\000a\000z\000i\000o\000n\000e\000\040\000i\000n\000t\000e\000r\000n\000e\000t\000\040\000d\000i\000s\000a\000t\000t\000i\000v\000a\000t\000a}{section.5}% 16
\BOOKMARK [2][-]{subsection.5.4}{\376\377\000C\000o\000m\000u\000n\000i\000c\000a\000z\000i\000o\000n\000e\000\040\000i\000n\000t\000e\000r\000n\000e\000t\000\040\000a\000t\000t\000i\000v\000a}{section.5}% 17
\BOOKMARK [3][-]{subsubsection.5.4.1}{\376\377\000g\000a\000t\000h\000e\000r\000D\000a\000t\000a\000A\000n\000d\000S\000e\000n\000d}{subsection.5.4}% 18
\BOOKMARK [2][-]{subsection.5.5}{\376\377\000Z\000o\000n\000a\000\040\000c\000o\000m\000u\000n\000e}{section.5}% 19
\BOOKMARK [3][-]{subsubsection.5.5.1}{\376\377\000C\000r\000e\000a\000t\000e\000\040\000M\000a\000l\000w\000a\000r\000e\000\040\000T\000h\000r\000e\000a\000d}{subsection.5.5}% 20
\BOOKMARK [3][-]{subsubsection.5.5.2}{\376\377\000C\000r\000e\000a\000z\000i\000o\000n\000e\000\040\000t\000h\000r\000e\000a\000d\000\040}{subsection.5.5}% 21
\BOOKMARK [3][-]{subsubsection.5.5.3}{\376\377\000R\000i\000c\000h\000i\000e\000s\000t\000e\000\040\000R\000P\000C}{subsection.5.5}% 22
\BOOKMARK [3][-]{subsubsection.5.5.4}{\376\377\000S\000c\000r\000i\000t\000t\000u\000r\000a\000\040\000s\000u\000\040\000c\000h\000i\000a\000v\000i\000\040\000d\000i\000\040\000r\000e\000g\000i\000s\000t\000r\000o}{subsection.5.5}% 23
\BOOKMARK [3][-]{subsubsection.5.5.5}{\376\377\000C\000r\000e\000a\000z\000i\000o\000n\000e\000\040\000i\000m\000m\000a\000g\000i\000n\000i\000\040\000e\000\040\000c\000a\000m\000b\000i\000o\000\040\000w\000a\000l\000l\000p\000a\000p\000e\000r}{subsection.5.5}% 24
\BOOKMARK [1][-]{section.6}{\376\377\000R\000i\000a\000s\000s\000u\000n\000t\000o}{}% 25
